-------------------------------------------------------------------------------
Test set: com.samundar.springdynamodb.SpringDynamodbApplicationTests
-------------------------------------------------------------------------------
Tests run: 1, Failures: 0, Errors: 1, Skipped: 0, Time elapsed: 2.055 s <<< FAILURE! - in com.samundar.springdynamodb.SpringDynamodbApplicationTests
contextLoads  Time elapsed: 0.007 s  <<< ERROR!
java.lang.IllegalStateException: Failed to load ApplicationContext for [WebMergedContextConfiguration@fb713e7 testClass = com.samundar.springdynamodb.SpringDynamodbApplicationTests, locations = [], classes = [com.samundar.springdynamodb.SpringDynamodbApplication], contextInitializerClasses = [], activeProfiles = [], propertySourceLocations = [], propertySourceProperties = ["org.springframework.boot.test.context.SpringBootTestContextBootstrapper=true"], contextCustomizers = [org.springframework.boot.test.context.filter.ExcludeFilterContextCustomizer@1ed6388a, org.springframework.boot.test.json.DuplicateJsonObjectContextCustomizerFactory$DuplicateJsonObjectContextCustomizer@121314f7, org.springframework.boot.test.mock.mockito.MockitoContextCustomizer@0, org.springframework.boot.test.web.client.TestRestTemplateContextCustomizer@4b45a2f5, org.springframework.boot.test.autoconfigure.actuate.observability.ObservabilityContextCustomizerFactory$DisableObservabilityContextCustomizer@9da1, org.springframework.boot.test.autoconfigure.properties.PropertyMappingContextCustomizer@0, org.springframework.boot.test.autoconfigure.web.servlet.WebDriverContextCustomizerFactory$Customizer@76a4ebf2, org.springframework.boot.test.context.SpringBootTestAnnotation@bf8a1fe5], resourceBasePath = "src/main/webapp", contextLoader = org.springframework.boot.test.context.SpringBootContextLoader, parent = null]
Caused by: org.springframework.beans.factory.UnsatisfiedDependencyException: Error creating bean with name 'employeeController' defined in file [E:\spring-boot-dynamo-db-crud-project\target\classes\com\samundar\springdynamodb\controller\EmployeeController.class]: Unsatisfied dependency expressed through constructor parameter 0: Error creating bean with name 'employeeServiceImpl' defined in file [E:\spring-boot-dynamo-db-crud-project\target\classes\com\samundar\springdynamodb\service\EmployeeServiceImpl.class]: Unsatisfied dependency expressed through constructor parameter 0: Error creating bean with name 'dynamoDBMapper' defined in class path resource [com/samundar/springdynamodb/config/DynamoDBConfig.class]: Failed to instantiate [com.amazonaws.services.dynamodbv2.datamodeling.DynamoDBMapper]: Factory method 'dynamoDBMapper' threw exception with message: Access key cannot be null.
Caused by: org.springframework.beans.factory.UnsatisfiedDependencyException: Error creating bean with name 'employeeServiceImpl' defined in file [E:\spring-boot-dynamo-db-crud-project\target\classes\com\samundar\springdynamodb\service\EmployeeServiceImpl.class]: Unsatisfied dependency expressed through constructor parameter 0: Error creating bean with name 'dynamoDBMapper' defined in class path resource [com/samundar/springdynamodb/config/DynamoDBConfig.class]: Failed to instantiate [com.amazonaws.services.dynamodbv2.datamodeling.DynamoDBMapper]: Factory method 'dynamoDBMapper' threw exception with message: Access key cannot be null.
Caused by: org.springframework.beans.factory.BeanCreationException: Error creating bean with name 'dynamoDBMapper' defined in class path resource [com/samundar/springdynamodb/config/DynamoDBConfig.class]: Failed to instantiate [com.amazonaws.services.dynamodbv2.datamodeling.DynamoDBMapper]: Factory method 'dynamoDBMapper' threw exception with message: Access key cannot be null.
Caused by: org.springframework.beans.BeanInstantiationException: Failed to instantiate [com.amazonaws.services.dynamodbv2.datamodeling.DynamoDBMapper]: Factory method 'dynamoDBMapper' threw exception with message: Access key cannot be null.
Caused by: java.lang.IllegalArgumentException: Access key cannot be null.

